@ b loop
breakpoint set at 001024
@ g 1000

breakpoint at 001024 (loop)
@ r
  r0     r1     r2     r3     r4     r5     sp     pc  priTNZVC   IR   time
000006 001042 001056 001072 001106 000000 001000 001024 0 00000 012704 139.
@ d loop
breakpoint deleted at 001024
@ c

HALT  -  HALT  INSTRUCTION.
@ e sum, sum+12
----------------------------------------------------------------------------
addr  	    12	    14	    16	    00	    02	    04	    06	    10
----------------------------------------------------------------------------
001072	000024	000022	000040	000026	000020	000410
@ e diff, diff+12
----------------------------------------------------------------------------
addr  	    06	    10	    12	    14	    16	    00	    02	    04
----------------------------------------------------------------------------
001106	000020	000000	000000	000002	000002	177770
@ r
  r0     r1     r2     r3     r4     r5     sp     pc  priTNZVC   IR   time
000000 001056 001072 001106 001122 000000 001000 001040 0 01001 000000 230.
@ L-
